[2018-08-17 15:55:39] production.ERROR: PDOException: SQLSTATE[HY000] [2002] Connection refused in /var/www/html/files/vendor/laravel/framework/src/Illuminate/Database/Connectors/Connector.php:55
Stack trace:
#0 /var/www/html/files/vendor/laravel/framework/src/Illuminate/Database/Connectors/Connector.php(55): PDO->__construct('mysql:host=127....', 'root', 'password', Array)
#1 /var/www/html/files/vendor/laravel/framework/src/Illuminate/Database/Connectors/MySqlConnector.php(22): Illuminate\Database\Connectors\Connector->createConnection('mysql:host=127....', Array, Array)
#2 /var/www/html/files/vendor/laravel/framework/src/Illuminate/Database/Connectors/ConnectionFactory.php(60): Illuminate\Database\Connectors\MySqlConnector->connect(Array)
#3 /var/www/html/files/vendor/laravel/framework/src/Illuminate/Database/Connectors/ConnectionFactory.php(49): Illuminate\Database\Connectors\ConnectionFactory->createSingleConnection(Array)
#4 /var/www/html/files/vendor/laravel/framework/src/Illuminate/Database/DatabaseManager.php(175): Illuminate\Database\Connectors\ConnectionFactory->make(Array, 'mysql')
#5 /var/www/html/files/vendor/laravel/framework/src/Illuminate/Database/DatabaseManager.php(67): Illuminate\Database\DatabaseManager->makeConnection('mysql')
#6 /var/www/html/files/vendor/laravel/framework/src/Illuminate/Database/Eloquent/Model.php(3224): Illuminate\Database\DatabaseManager->connection('mysql')
#7 /var/www/html/files/vendor/laravel/framework/src/Illuminate/Database/Eloquent/Model.php(3190): Illuminate\Database\Eloquent\Model::resolveConnection(NULL)
#8 /var/www/html/files/vendor/laravel/framework/src/Illuminate/Database/Eloquent/Model.php(1870): Illuminate\Database\Eloquent\Model->getConnection()
#9 /var/www/html/files/vendor/laravel/framework/src/Illuminate/Database/Eloquent/Model.php(1813): Illuminate\Database\Eloquent\Model->newBaseQueryBuilder()
#10 /var/www/html/files/vendor/laravel/framework/src/Illuminate/Database/Eloquent/Model.php(1787): Illuminate\Database\Eloquent\Model->newQueryWithoutScopes()
#11 /var/www/html/files/vendor/cartalyst/sentinel/src/Persistences/IlluminatePersistenceRepository.php(110): Illuminate\Database\Eloquent\Model->newQuery()
#12 /var/www/html/files/vendor/cartalyst/sentinel/src/Persistences/IlluminatePersistenceRepository.php(122): Cartalyst\Sentinel\Persistences\IlluminatePersistenceRepository->findByPersistenceCode('qkZGIjmhw2dTZRm...')
#13 /var/www/html/files/vendor/cartalyst/sentinel/src/Sentinel.php(240): Cartalyst\Sentinel\Persistences\IlluminatePersistenceRepository->findUserByPersistenceCode('qkZGIjmhw2dTZRm...')
#14 /var/www/html/files/vendor/cartalyst/sentinel/src/Sentinel.php(659): Cartalyst\Sentinel\Sentinel->check()
#15 /var/www/html/files/vendor/laravel/framework/src/Illuminate/Support/Facades/Facade.php(213): Cartalyst\Sentinel\Sentinel->getUser()
#16 /var/www/html/files/app/Repositories/LeadRepositoryEloquent.php(21): Illuminate\Support\Facades\Facade::__callStatic('getUser', Array)
#17 /var/www/html/files/app/Providers/AppServiceProvider.php(152): App\Repositories\LeadRepositoryEloquent->__construct(Object(App\Models\Lead))
#18 /var/www/html/files/vendor/laravel/framework/src/Illuminate/Container/Container.php(738): App\Providers\AppServiceProvider->App\Providers\{closure}(Object(Illuminate\Foundation\Application), Array)
#19 /var/www/html/files/vendor/laravel/framework/src/Illuminate/Container/Container.php(631): Illuminate\Container\Container->build(Object(Closure), Array)
#20 /var/www/html/files/vendor/laravel/framework/src/Illuminate/Foundation/Application.php(674): Illuminate\Container\Container->make('App\\Repositorie...', Array)
#21 /var/www/html/files/vendor/laravel/framework/src/Illuminate/Container/Container.php(842): Illuminate\Foundation\Application->make('App\\Repositorie...')
#22 /var/www/html/files/vendor/laravel/framework/src/Illuminate/Container/Container.php(805): Illuminate\Container\Container->resolveClass(Object(ReflectionParameter))
#23 /var/www/html/files/vendor/laravel/framework/src/Illuminate/Container/Container.php(774): Illuminate\Container\Container->getDependencies(Array, Array)
#24 /var/www/html/files/vendor/laravel/framework/src/Illuminate/Container/Container.php(631): Illuminate\Container\Container->build('App\\Http\\Contro...', Array)
#25 /var/www/html/files/vendor/laravel/framework/src/Illuminate/Foundation/Application.php(674): Illuminate\Container\Container->make('App\\Http\\Contro...', Array)
#26 /var/www/html/files/vendor/laravel/framework/src/Illuminate/Routing/ControllerDispatcher.php(85): Illuminate\Foundation\Application->make('App\\Http\\Contro...')
#27 /var/www/html/files/vendor/laravel/framework/src/Illuminate/Routing/ControllerDispatcher.php(57): Illuminate\Routing\ControllerDispatcher->makeController('App\\Http\\Contro...')
#28 /var/www/html/files/vendor/laravel/framework/src/Illuminate/Routing/Route.php(203): Illuminate\Routing\ControllerDispatcher->dispatch(Object(Illuminate\Routing\Route), Object(Illuminate\Http\Request), 'App\\Http\\Contro...', 'index')
#29 /var/www/html/files/vendor/laravel/framework/src/Illuminate/Routing/Route.php(134): Illuminate\Routing\Route->runWithCustomDispatcher(Object(Illuminate\Http\Request))
#30 /var/www/html/files/vendor/laravel/framework/src/Illuminate/Routing/Router.php(708): Illuminate\Routing\Route->run(Object(Illuminate\Http\Request))
#31 [internal function]: Illuminate\Routing\Router->Illuminate\Routing\{closure}(Object(Illuminate\Http\Request))
#32 /var/www/html/files/vendor/laravel/framework/src/Illuminate/Pipeline/Pipeline.php(139): call_user_func(Object(Closure), Object(Illuminate\Http\Request))
#33 [internal function]: Illuminate\Pipeline\Pipeline->Illuminate\Pipeline\{closure}(Object(Illuminate\Http\Request))
#34 /var/www/html/files/vendor/laravel/framework/src/Illuminate/Pipeline/Pipeline.php(102): call_user_func(Object(Closure), Object(Illuminate\Http\Request))
#35 /var/www/html/files/vendor/laravel/framework/src/Illuminate/Routing/Router.php(710): Illuminate\Pipeline\Pipeline->then(Object(Closure))
#36 /var/www/html/files/vendor/laravel/framework/src/Illuminate/Routing/Router.php(673): Illuminate\Routing\Router->runRouteWithinStack(Object(Illuminate\Routing\Route), Object(Illuminate\Http\Request))
#37 /var/www/html/files/vendor/laravel/framework/src/Illuminate/Routing/Router.php(635): Illuminate\Routing\Router->dispatchToRoute(Object(Illuminate\Http\Request))
#38 /var/www/html/files/vendor/laravel/framework/src/Illuminate/Foundation/Http/Kernel.php(236): Illuminate\Routing\Router->dispatch(Object(Illuminate\Http\Request))
#39 [internal function]: Illuminate\Foundation\Http\Kernel->Illuminate\Foundation\Http\{closure}(Object(Illuminate\Http\Request))
#40 /var/www/html/files/vendor/laravel/framework/src/Illuminate/Pipeline/Pipeline.php(139): call_user_func(Object(Closure), Object(Illuminate\Http\Request))
#41 /var/www/html/files/vendor/laravel/framework/src/Illuminate/Foundation/Http/Middleware/VerifyCsrfToken.php(50): Illuminate\Pipeline\Pipeline->Illuminate\Pipeline\{closure}(Object(Illuminate\Http\Request))
#42 [internal function]: Illuminate\Foundation\Http\Middleware\VerifyCsrfToken->handle(Object(Illuminate\Http\Request), Object(Closure))
#43 /var/www/html/files/vendor/laravel/framework/src/Illuminate/Pipeline/Pipeline.php(124): call_user_func_array(Array, Array)
#44 /var/www/html/files/vendor/laravel/framework/src/Illuminate/View/Middleware/ShareErrorsFromSession.php(49): Illuminate\Pipeline\Pipeline->Illuminate\Pipeline\{closure}(Object(Illuminate\Http\Request))
#45 [internal function]: Illuminate\View\Middleware\ShareErrorsFromSession->handle(Object(Illuminate\Http\Request), Object(Closure))
#46 /var/www/html/files/vendor/laravel/framework/src/Illuminate/Pipeline/Pipeline.php(124): call_user_func_array(Array, Array)
#47 /var/www/html/files/vendor/laravel/framework/src/Illuminate/Session/Middleware/StartSession.php(62): Illuminate\Pipeline\Pipeline->Illuminate\Pipeline\{closure}(Object(Illuminate\Http\Request))
#48 [internal function]: Illuminate\Session\Middleware\StartSession->handle(Object(Illuminate\Http\Request), Object(Closure))
#49 /var/www/html/files/vendor/laravel/framework/src/Illuminate/Pipeline/Pipeline.php(124): call_user_func_array(Array, Array)
#50 /var/www/html/files/vendor/laravel/framework/src/Illuminate/Cookie/Middleware/AddQueuedCookiesToResponse.php(37): Illuminate\Pipeline\Pipeline->Illuminate\Pipeline\{closure}(Object(Illuminate\Http\Request))
#51 [internal function]: Illuminate\Cookie\Middleware\AddQueuedCookiesToResponse->handle(Object(Illuminate\Http\Request), Object(Closure))
#52 /var/www/html/files/vendor/laravel/framework/src/Illuminate/Pipeline/Pipeline.php(124): call_user_func_array(Array, Array)
#53 /var/www/html/files/vendor/laravel/framework/src/Illuminate/Cookie/Middleware/EncryptCookies.php(59): Illuminate\Pipeline\Pipeline->Illuminate\Pipeline\{closure}(Object(Illuminate\Http\Request))
#54 [internal function]: Illuminate\Cookie\Middleware\EncryptCookies->handle(Object(Illuminate\Http\Request), Object(Closure))
#55 /var/www/html/files/vendor/laravel/framework/src/Illuminate/Pipeline/Pipeline.php(124): call_user_func_array(Array, Array)
#56 /var/www/html/files/app/Http/Middleware/VerifyInstallation.php(35): Illuminate\Pipeline\Pipeline->Illuminate\Pipeline\{closure}(Object(Illuminate\Http\Request))
#57 [internal function]: App\Http\Middleware\VerifyInstallation->handle(Object(Illuminate\Http\Request), Object(Closure))
#58 /var/www/html/files/vendor/laravel/framework/src/Illuminate/Pipeline/Pipeline.php(124): call_user_func_array(Array, Array)
#59 /var/www/html/files/vendor/laravel/framework/src/Illuminate/Foundation/Http/Middleware/CheckForMaintenanceMode.php(44): Illuminate\Pipeline\Pipeline->Illuminate\Pipeline\{closure}(Object(Illuminate\Http\Request))
#60 [internal function]: Illuminate\Foundation\Http\Middleware\CheckForMaintenanceMode->handle(Object(Illuminate\Http\Request), Object(Closure))
#61 /var/www/html/files/vendor/laravel/framework/src/Illuminate/Pipeline/Pipeline.php(124): call_user_func_array(Array, Array)
#62 /var/www/html/files/vendor/dingo/api/src/Http/Middleware/Request.php(97): Illuminate\Pipeline\Pipeline->Illuminate\Pipeline\{closure}(Object(Illuminate\Http\Request))
#63 [internal function]: Dingo\Api\Http\Middleware\Request->handle(Object(Illuminate\Http\Request), Object(Closure))
#64 /var/www/html/files/vendor/laravel/framework/src/Illuminate/Pipeline/Pipeline.php(124): call_user_func_array(Array, Array)
#65 [internal function]: Illuminate\Pipeline\Pipeline->Illuminate\Pipeline\{closure}(Object(Illuminate\Http\Request))
#66 /var/www/html/files/vendor/laravel/framework/src/Illuminate/Pipeline/Pipeline.php(102): call_user_func(Object(Closure), Object(Illuminate\Http\Request))
#67 /var/www/html/files/vendor/laravel/framework/src/Illuminate/Foundation/Http/Kernel.php(122): Illuminate\Pipeline\Pipeline->then(Object(Closure))
#68 /var/www/html/files/vendor/laravel/framework/src/Illuminate/Foundation/Http/Kernel.php(87): Illuminate\Foundation\Http\Kernel->sendRequestThroughRouter(Object(Illuminate\Http\Request))
#69 /var/www/html/files/public/index.php(53): Illuminate\Foundation\Http\Kernel->handle(Object(Illuminate\Http\Request))
#70 {main}  
